[   24988ms] [ERROR] Failed to load resource: the server responded with a status of 403 () @ https://api.caixaescolar.educacao.mg.gov.br/expense-group/3530:0
[   25267ms] [ERROR] Failed to load resource: the server responded with a status of 403 () @ https://api.caixaescolar.educacao.mg.gov.br/expense-group/3626:0
[   25308ms] [ERROR] Failed to load resource: the server responded with a status of 403 () @ https://api.caixaescolar.educacao.mg.gov.br/expense-group/3031:0
[   25340ms] [ERROR] Failed to load resource: the server responded with a status of 403 () @ https://api.caixaescolar.educacao.mg.gov.br/expense-group/3464:0
[   25375ms] [ERROR] Failed to load resource: the server responded with a status of 403 () @ https://api.caixaescolar.educacao.mg.gov.br/expense-group/3578:0
[   25407ms] [ERROR] Failed to load resource: the server responded with a status of 403 () @ https://api.caixaescolar.educacao.mg.gov.br/expense-group/2925:0
[   25439ms] [ERROR] Failed to load resource: the server responded with a status of 403 () @ https://api.caixaescolar.educacao.mg.gov.br/expense-group/2983:0
[   25474ms] [ERROR] Failed to load resource: the server responded with a status of 403 () @ https://api.caixaescolar.educacao.mg.gov.br/expense-group/2887:0
[   25506ms] [ERROR] Failed to load resource: the server responded with a status of 403 () @ https://api.caixaescolar.educacao.mg.gov.br/expense-group/3117:0
[   25538ms] [ERROR] Failed to load resource: the server responded with a status of 403 () @ https://api.caixaescolar.educacao.mg.gov.br/expense-group/2743:0
[   25571ms] [ERROR] Failed to load resource: the server responded with a status of 403 () @ https://api.caixaescolar.educacao.mg.gov.br/expense-group/3415:0
[   25604ms] [ERROR] Failed to load resource: the server responded with a status of 403 () @ https://api.caixaescolar.educacao.mg.gov.br/expense-group/2791:0
[   75987ms] [ERROR] Failed to load resource: the server responded with a status of 404 () @ https://api.caixaescolar.educacao.mg.gov.br/budget-proposal/153529:0
[   76013ms] [ERROR] Failed to load resource: the server responded with a status of 404 () @ https://api.caixaescolar.educacao.mg.gov.br/budget/153529:0
[   76041ms] [ERROR] Failed to load resource: the server responded with a status of 404 () @ https://api.caixaescolar.educacao.mg.gov.br/budget-proposal/detail/153529:0
[   76121ms] [ERROR] Failed to load resource: the server responded with a status of 404 () @ https://api.caixaescolar.educacao.mg.gov.br/budget-proposal/153529/detail:0
[  108924ms] [ERROR] Failed to load resource: the server responded with a status of 403 () @ https://api.caixaescolar.educacao.mg.gov.br/expense-group?limit=200:0
[  108949ms] [ERROR] Failed to load resource: the server responded with a status of 403 () @ https://api.caixaescolar.educacao.mg.gov.br/expense-group/all:0
[  108981ms] [ERROR] Failed to load resource: the server responded with a status of 403 () @ https://api.caixaescolar.educacao.mg.gov.br/expense-group/by-network:0
[  109014ms] [ERROR] Failed to load resource: the server responded with a status of 403 () @ https://api.caixaescolar.educacao.mg.gov.br/expense-group?filter.idExpenseGroup=$in:3530,3626,3031,3464,3578,2925,2983,2887:0
[  152476ms] [ERROR] Failed to load resource: the server responded with a status of 404 () @ https://api.caixaescolar.educacao.mg.gov.br/budget/by-order/2026003109:0
[  152502ms] [ERROR] Failed to load resource: the server responded with a status of 404 () @ https://api.caixaescolar.educacao.mg.gov.br/budget-proposal/by-order/2026003109:0
[  152531ms] [ERROR] Failed to load resource: the server responded with a status of 404 () @ https://api.caixaescolar.educacao.mg.gov.br/budget-proposal?filter.nuBudgetOrder=$eq:2026003109:0
